/data/CNDA/build/CCIR_00754/20160926_184458/restlaunch/HYGLY28_VISIT_2/PROCESSED/HYGLY28_VISIT_2/mri
/nrgpackages/tools/freesurfer53-patch/bin/mri_nu_correct.mni
--i orig.mgz --o nu.mgz --uchar transforms/talairach.xfm --n 2
nIters 2
$Id: mri_nu_correct.mni,v 1.18.2.1 2013/01/09 21:23:42 nicks Exp $
Linux nrglab08.nrg.mir 2.6.32-573.12.1.el6.x86_64 #1 SMP Tue Dec 15 21:19:08 UTC 2015 x86_64 x86_64 x86_64 GNU/Linux
Mon Sep 26 18:48:05 CDT 2016
Program nu_correct, built from:
Package MNI N3, version 1.10, compiled by nicks@minerva (x86_64-unknown-linux-gnu) on 2010-02-20 at 17:32:37
tmpdir is ./tmp.mri_nu_correct.mni.535811
/data/CNDA/build/CCIR_00754/20160926_184458/restlaunch/HYGLY28_VISIT_2/PROCESSED/HYGLY28_VISIT_2/mri
mri_convert orig.mgz ./tmp.mri_nu_correct.mni.535811/nu0.mnc -odt float
mri_convert orig.mgz ./tmp.mri_nu_correct.mni.535811/nu0.mnc -odt float 
$Id: mri_convert.c,v 1.179.2.7 2012/09/05 21:55:16 mreuter Exp $
reading from orig.mgz...
TR=2400.00, TE=2.13, TI=1000.00, flip angle=8.00
i_ras = (-1, 0, 5.96046e-08)
j_ras = (1.30385e-08, 0, -1)
k_ras = (0, 1, 0)
changing data type from uchar to float (noscale = 0)...
writing to ./tmp.mri_nu_correct.mni.535811/nu0.mnc...
 
--------------------------------------------------------
Iteration 1 Mon Sep 26 18:48:08 CDT 2016
nu_correct -clobber ./tmp.mri_nu_correct.mni.535811/nu0.mnc ./tmp.mri_nu_correct.mni.535811/nu1.mnc -tmpdir ./tmp.mri_nu_correct.mni.535811/0/
[cnda@nrglab08.nrg.mir:/data/CNDA/build/CCIR_00754/20160926_184458/restlaunch/HYGLY28_VISIT_2/PROCESSED/HYGLY28_VISIT_2/mri/] [2016-09-26 18:48:08] running:
  /nrgpackages/tools/freesurfer53-patch/mni/bin/nu_estimate_np_and_em -parzen -log -sharpen 0.15 0.01 -iterations 50 -stop 0.001 -shrink 4 -auto_mask -nonotify -b_spline 1 -distance 200 -quiet -execute -clobber -nokeeptmp -tmpdir ./tmp.mri_nu_correct.mni.535811/0/ ./tmp.mri_nu_correct.mni.535811/nu0.mnc ./tmp.mri_nu_correct.mni.535811/nu1.imp

Processing:.................................................................Done
Processing:.................................................................Done
Processing:.................................................................Done
Processing:.................................................................Done
Processing:.................................................................Done
Processing:.................................................................Done
Processing:.................................................................Done
Processing:.................................................................Done
Processing:.................................................................Done
Processing:.................................................................Done
Processing:.................................................................Done
Processing:.................................................................Done
Processing:.................................................................Done
Processing:.................................................................Done
Processing:.................................................................Done
Processing:.................................................................Done
Processing:.................................................................Done
Processing:.................................................................Done
Processing:.................................................................Done
Processing:.................................................................Done
Processing:.................................................................Done
Processing:.................................................................Done
Processing:.................................................................Done
Processing:.................................................................Done
Processing:.................................................................Done
Processing:.................................................................Done
Processing:.................................................................Done
Processing:.................................................................Done
Processing:.................................................................Done
Processing:.................................................................Done
Processing:.................................................................Done
Processing:.................................................................Done
Processing:.................................................................Done
Processing:.................................................................Done
Processing:.................................................................Done
Processing:.................................................................Done
Processing:.................................................................Done
Number of iterations: 37 
CV of field change: 0.000996434
[cnda@nrglab08.nrg.mir:/data/CNDA/build/CCIR_00754/20160926_184458/restlaunch/HYGLY28_VISIT_2/PROCESSED/HYGLY28_VISIT_2/mri/] [2016-09-26 18:48:39] running:
  /nrgpackages/tools/freesurfer53-patch/mni/bin/make_template -quiet -shrink 3 ./tmp.mri_nu_correct.mni.535811/nu0.mnc ./tmp.mri_nu_correct.mni.535811/0//template.mnc

Transforming slices:......................................................................................Done
Transforming slices:................................................................................................................................................................................................................................................................Done
 
 
--------------------------------------------------------
Iteration 2 Mon Sep 26 18:48:44 CDT 2016
nu_correct -clobber ./tmp.mri_nu_correct.mni.535811/nu1.mnc ./tmp.mri_nu_correct.mni.535811/nu2.mnc -tmpdir ./tmp.mri_nu_correct.mni.535811/1/
[cnda@nrglab08.nrg.mir:/data/CNDA/build/CCIR_00754/20160926_184458/restlaunch/HYGLY28_VISIT_2/PROCESSED/HYGLY28_VISIT_2/mri/] [2016-09-26 18:48:44] running:
  /nrgpackages/tools/freesurfer53-patch/mni/bin/nu_estimate_np_and_em -parzen -log -sharpen 0.15 0.01 -iterations 50 -stop 0.001 -shrink 4 -auto_mask -nonotify -b_spline 1 -distance 200 -quiet -execute -clobber -nokeeptmp -tmpdir ./tmp.mri_nu_correct.mni.535811/1/ ./tmp.mri_nu_correct.mni.535811/nu1.mnc ./tmp.mri_nu_correct.mni.535811/nu2.imp

Processing:.................................................................Done
Processing:.................................................................Done
Processing:.................................................................Done
Processing:.................................................................Done
Processing:.................................................................Done
Processing:.................................................................Done
Processing:.................................................................Done
Processing:.................................................................Done
Processing:.................................................................Done
Processing:.................................................................Done
Processing:.................................................................Done
Processing:.................................................................Done
Processing:.................................................................Done
Processing:.................................................................Done
Processing:.................................................................Done
Processing:.................................................................Done
Processing:.................................................................Done
Processing:.................................................................Done
Processing:.................................................................Done
Processing:.................................................................Done
Processing:.................................................................Done
Processing:.................................................................Done
Processing:.................................................................Done
Processing:.................................................................Done
Number of iterations: 24 
CV of field change: 0.000985867
[cnda@nrglab08.nrg.mir:/data/CNDA/build/CCIR_00754/20160926_184458/restlaunch/HYGLY28_VISIT_2/PROCESSED/HYGLY28_VISIT_2/mri/] [2016-09-26 18:49:05] running:
  /nrgpackages/tools/freesurfer53-patch/mni/bin/make_template -quiet -shrink 3 ./tmp.mri_nu_correct.mni.535811/nu1.mnc ./tmp.mri_nu_correct.mni.535811/1//template.mnc

Transforming slices:......................................................................................Done
Transforming slices:................................................................................................................................................................................................................................................................Done
 
 
 
mri_binarize --i ./tmp.mri_nu_correct.mni.535811/nu2.mnc --min -1 --o ./tmp.mri_nu_correct.mni.535811/ones.mgz

$Id: mri_binarize.c,v 1.26.2.1 2011/04/08 15:40:50 greve Exp $
cwd /data/CNDA/build/CCIR_00754/20160926_184458/restlaunch/HYGLY28_VISIT_2/PROCESSED/HYGLY28_VISIT_2/mri
cmdline mri_binarize --i ./tmp.mri_nu_correct.mni.535811/nu2.mnc --min -1 --o ./tmp.mri_nu_correct.mni.535811/ones.mgz 
sysname  Linux
hostname nrglab08.nrg.mir
machine  x86_64
user     cnda

input      ./tmp.mri_nu_correct.mni.535811/nu2.mnc
frame      0
nErode3d   0
nErode2d   0
output     ./tmp.mri_nu_correct.mni.535811/ones.mgz
Binarizing based on threshold
min        -1
max        +infinity
binval        1
binvalnot     0
Found 16777216 values in range
Counting number of voxels
Found 16777216 voxels in final mask
mri_binarize done
mri_segstats --id 1 --seg ./tmp.mri_nu_correct.mni.535811/ones.mgz --i orig.mgz --sum ./tmp.mri_nu_correct.mni.535811/sum.junk --avgwf ./tmp.mri_nu_correct.mni.535811/input.mean.dat

$Id: mri_segstats.c,v 1.101 2013/08/20 15:52:54 greve Exp $
cwd 
cmdline mri_segstats --id 1 --seg ./tmp.mri_nu_correct.mni.535811/ones.mgz --i orig.mgz --sum ./tmp.mri_nu_correct.mni.535811/sum.junk --avgwf ./tmp.mri_nu_correct.mni.535811/input.mean.dat 
sysname  Linux
hostname nrglab08.nrg.mir
machine  x86_64
user     cnda
UseRobust  0
Loading ./tmp.mri_nu_correct.mni.535811/ones.mgz
Loading orig.mgz
Voxel Volume is 1 mm^3
Generating list of segmentation ids
Found   1 segmentations
Computing statistics for each segmentation
  0     1                                     16777216  16777216.000

Reporting on   1 segmentations
Computing spatial average of each frame
  0
Writing to ./tmp.mri_nu_correct.mni.535811/input.mean.dat
mri_segstats done
mri_segstats --id 1 --seg ./tmp.mri_nu_correct.mni.535811/ones.mgz --i ./tmp.mri_nu_correct.mni.535811/nu2.mnc --sum ./tmp.mri_nu_correct.mni.535811/sum.junk --avgwf ./tmp.mri_nu_correct.mni.535811/output.mean.dat

$Id: mri_segstats.c,v 1.101 2013/08/20 15:52:54 greve Exp $
cwd 
cmdline mri_segstats --id 1 --seg ./tmp.mri_nu_correct.mni.535811/ones.mgz --i ./tmp.mri_nu_correct.mni.535811/nu2.mnc --sum ./tmp.mri_nu_correct.mni.535811/sum.junk --avgwf ./tmp.mri_nu_correct.mni.535811/output.mean.dat 
sysname  Linux
hostname nrglab08.nrg.mir
machine  x86_64
user     cnda
UseRobust  0
Loading ./tmp.mri_nu_correct.mni.535811/ones.mgz
Loading ./tmp.mri_nu_correct.mni.535811/nu2.mnc
Voxel Volume is 1 mm^3
Generating list of segmentation ids
Found   1 segmentations
Computing statistics for each segmentation
  0     1                                     16777216  16777216.000

Reporting on   1 segmentations
Computing spatial average of each frame
  0
Writing to ./tmp.mri_nu_correct.mni.535811/output.mean.dat
mri_segstats done
mris_calc -o ./tmp.mri_nu_correct.mni.535811/nu2.mnc ./tmp.mri_nu_correct.mni.535811/nu2.mnc mul 1.04669848272221678522
mri_convert ./tmp.mri_nu_correct.mni.535811/nu2.mnc nu.mgz --like orig.mgz
mri_convert ./tmp.mri_nu_correct.mni.535811/nu2.mnc nu.mgz --like orig.mgz 
$Id: mri_convert.c,v 1.179.2.7 2012/09/05 21:55:16 mreuter Exp $
reading from ./tmp.mri_nu_correct.mni.535811/nu2.mnc...
TR=0.00, TE=0.00, TI=0.00, flip angle=0.00
i_ras = (-1, 0, 5.96046e-08)
j_ras = (1.30385e-08, 0, -1)
k_ras = (0, 1, 0)
INFO: transform src into the like-volume: orig.mgz
writing to nu.mgz...
mri_make_uchar nu.mgz transforms/talairach.xfm nu.mgz
type change took 0 minutes and 6 seconds.
mapping (10, 112) to ( 3, 110)
 
 
Mon Sep 26 18:49:43 CDT 2016
mri_nu_correct.mni done
