/data/CNDA/build/CCIR_00754/20160926_184458/restlaunch/HYGLY28_VISIT_2/PROCESSED/HYGLY28_VISIT_2/mri
/nrgpackages/tools/freesurfer53-patch/bin/mri_nu_correct.mni
--n 1 --proto-iters 1000 --distance 50 --no-rescale --i orig.mgz --o orig_nu.mgz
nIters 1
$Id: mri_nu_correct.mni,v 1.18.2.1 2013/01/09 21:23:42 nicks Exp $
Linux nrglab08.nrg.mir 2.6.32-573.12.1.el6.x86_64 #1 SMP Tue Dec 15 21:19:08 UTC 2015 x86_64 x86_64 x86_64 GNU/Linux
Mon Sep 26 18:46:10 CDT 2016
Program nu_correct, built from:
Package MNI N3, version 1.10, compiled by nicks@minerva (x86_64-unknown-linux-gnu) on 2010-02-20 at 17:32:37
tmpdir is ./tmp.mri_nu_correct.mni.535054
/data/CNDA/build/CCIR_00754/20160926_184458/restlaunch/HYGLY28_VISIT_2/PROCESSED/HYGLY28_VISIT_2/mri
mri_convert orig.mgz ./tmp.mri_nu_correct.mni.535054/nu0.mnc -odt float
mri_convert orig.mgz ./tmp.mri_nu_correct.mni.535054/nu0.mnc -odt float 
$Id: mri_convert.c,v 1.179.2.7 2012/09/05 21:55:16 mreuter Exp $
reading from orig.mgz...
TR=2400.00, TE=2.13, TI=1000.00, flip angle=8.00
i_ras = (-1, 0, 5.96046e-08)
j_ras = (1.30385e-08, 0, -1)
k_ras = (0, 1, 0)
changing data type from uchar to float (noscale = 0)...
writing to ./tmp.mri_nu_correct.mni.535054/nu0.mnc...
 
--------------------------------------------------------
Iteration 1 Mon Sep 26 18:46:13 CDT 2016
nu_correct -clobber ./tmp.mri_nu_correct.mni.535054/nu0.mnc ./tmp.mri_nu_correct.mni.535054/nu1.mnc -tmpdir ./tmp.mri_nu_correct.mni.535054/0/ -iterations 1000 -distance 50
[cnda@nrglab08.nrg.mir:/data/CNDA/build/CCIR_00754/20160926_184458/restlaunch/HYGLY28_VISIT_2/PROCESSED/HYGLY28_VISIT_2/mri/] [2016-09-26 18:46:13] running:
  /nrgpackages/tools/freesurfer53-patch/mni/bin/nu_estimate_np_and_em -parzen -log -sharpen 0.15 0.01 -iterations 1000 -stop 0.001 -shrink 4 -auto_mask -nonotify -b_spline 1 -distance 50 -quiet -execute -clobber -nokeeptmp -tmpdir ./tmp.mri_nu_correct.mni.535054/0/ ./tmp.mri_nu_correct.mni.535054/nu0.mnc ./tmp.mri_nu_correct.mni.535054/nu1.imp

Processing:.................................................................Done
Processing:.................................................................Done
Processing:.................................................................Done
Processing:.................................................................Done
Processing:.................................................................Done
Processing:.................................................................Done
Processing:.................................................................Done
Processing:.................................................................Done
Processing:.................................................................Done
Processing:.................................................................Done
Processing:.................................................................Done
Processing:.................................................................Done
Processing:.................................................................Done
Processing:.................................................................Done
Processing:.................................................................Done
Processing:.................................................................Done
Processing:.................................................................Done
Processing:.................................................................Done
Processing:.................................................................Done
Processing:.................................................................Done
Processing:.................................................................Done
Processing:.................................................................Done
Processing:.................................................................Done
Processing:.................................................................Done
Processing:.................................................................Done
Processing:.................................................................Done
Processing:.................................................................Done
Processing:.................................................................Done
Processing:.................................................................Done
Processing:.................................................................Done
Processing:.................................................................Done
Processing:.................................................................Done
Processing:.................................................................Done
Processing:.................................................................Done
Processing:.................................................................Done
Processing:.................................................................Done
Processing:.................................................................Done
Processing:.................................................................Done
Processing:.................................................................Done
Processing:.................................................................Done
Processing:.................................................................Done
Processing:.................................................................Done
Processing:.................................................................Done
Processing:.................................................................Done
Processing:.................................................................Done
Number of iterations: 45 
CV of field change: 0.000981255
[cnda@nrglab08.nrg.mir:/data/CNDA/build/CCIR_00754/20160926_184458/restlaunch/HYGLY28_VISIT_2/PROCESSED/HYGLY28_VISIT_2/mri/] [2016-09-26 18:47:07] running:
  /nrgpackages/tools/freesurfer53-patch/mni/bin/make_template -quiet -shrink 3 ./tmp.mri_nu_correct.mni.535054/nu0.mnc ./tmp.mri_nu_correct.mni.535054/0//template.mnc

Transforming slices:......................................................................................Done
Transforming slices:................................................................................................................................................................................................................................................................Done
 
 
 
mri_convert ./tmp.mri_nu_correct.mni.535054/nu1.mnc orig_nu.mgz --like orig.mgz --conform
mri_convert ./tmp.mri_nu_correct.mni.535054/nu1.mnc orig_nu.mgz --like orig.mgz --conform 
$Id: mri_convert.c,v 1.179.2.7 2012/09/05 21:55:16 mreuter Exp $
reading from ./tmp.mri_nu_correct.mni.535054/nu1.mnc...
TR=0.00, TE=0.00, TI=0.00, flip angle=0.00
i_ras = (-1, 0, 5.96046e-08)
j_ras = (1.30385e-08, 0, -1)
k_ras = (0, 1, 0)
Original Data has (1, 1, 1) mm size and (256, 256, 256) voxels.
Data is conformed to 1 mm size and 256 voxels for all directions
INFO: transform src into the like-volume: orig.mgz
changing data type from float to uchar (noscale = 0)...
MRIchangeType: Building histogram 
writing to orig_nu.mgz...
 
 
Mon Sep 26 18:47:18 CDT 2016
mri_nu_correct.mni done
