Tue Sep 27 09:19:49 CDT 2016
setenv SUBJECTS_DIR /data/CNDA/build/CCIR_00754/20160926_184458/restlaunch/HYGLY28_VISIT_2/PROCESSED
cd /data/CNDA/build/CCIR_00754/20160926_184458/restlaunch/HYGLY28_VISIT_2/PROCESSED/HYGLY28_VISIT_2/surf
/nrgpackages/tools/freesurfer53-patch/bin/mris_preproc --s HYGLY28_VISIT_2 --hemi lh --meas curv --target fsaverage --out lh.curv.fsaverage.mgh

Linux nrglab08.nrg.mir 2.6.32-573.12.1.el6.x86_64 #1 SMP Tue Dec 15 21:19:08 UTC 2015 x86_64 x86_64 x86_64 GNU/Linux
$Id: mris_preproc,v 1.59.2.4 2012/12/06 16:06:52 mreuter Exp $
freesurfer-Linux-centos6_x86_64-stable-pub-v5.3.0-HCP-patch
tmpdir is ./tmp.mris_preproc.784408
Src lh sphere.reg
Trg lh sphere.reg




---------------------------------------------------
#@# 1/1 HYGLY28_VISIT_2 Tue Sep 27 09:19:49 CDT 2016 --------------
-----------------------
mri_surf2surf --srcsubject HYGLY28_VISIT_2 --srchemi lh --srcsurfreg sphere.reg --trgsubject fsaverage --trghemi lh --trgsurfreg sphere.reg --tval ./tmp.mris_preproc.784408/HYGLY28_VISIT_2.1.mgh --sval /data/CNDA/build/CCIR_00754/20160926_184458/restlaunch/HYGLY28_VISIT_2/PROCESSED/HYGLY28_VISIT_2/surf/lh.curv --sfmt curv --noreshape --no-cortex
Source registration surface changed to sphere.reg
Target registration surface changed to sphere.reg
srcsubject = HYGLY28_VISIT_2
srcval     = /data/CNDA/build/CCIR_00754/20160926_184458/restlaunch/HYGLY28_VISIT_2/PROCESSED/HYGLY28_VISIT_2/surf/lh.curv
srctype    = curv
trgsubject = fsaverage
trgval     = ./tmp.mris_preproc.784408/HYGLY28_VISIT_2.1.mgh
trgtype    = 
srcsurfreg = sphere.reg
trgsurfreg = sphere.reg
srchemi    = lh
trghemi    = lh
frame      = 0
fwhm-in    = 0
fwhm-out   = 0
label-src  = (null)
label-trg  = (null)
OKToRevFaceOrder  = 1
Reading source surface reg /data/CNDA/build/CCIR_00754/20160926_184458/restlaunch/HYGLY28_VISIT_2/PROCESSED/HYGLY28_VISIT_2/surf/lh.sphere.reg
Loading source data
Reading curvature file /data/CNDA/build/CCIR_00754/20160926_184458/restlaunch/HYGLY28_VISIT_2/PROCESSED/HYGLY28_VISIT_2/surf/lh.curv
Reading target surface reg /data/CNDA/build/CCIR_00754/20160926_184458/restlaunch/HYGLY28_VISIT_2/PROCESSED/fsaverage/surf/lh.sphere.reg
Done
Mapping Source Volume onto Source Subject Surface
surf2surf_nnfr: building source hash (res=16).
Surf2Surf: Forward Loop (163842)

surf2surf_nnfr: building target hash (res=16).
Surf2Surf: Reverse Loop (162491)
Reverse Loop had 39743 hits
Surf2Surf: Dividing by number of hits (163842)
INFO: nSrcLost = 0
nTrg121 = 134710, nTrgMulti = 29132, MnTrgMultiHits = 2.36424
nSrc121 = 130738, nSrcLost =     0, nSrcMulti = 31753, MnSrcMultiHits = 2.29418
Saving target data
Saving to ./tmp.mris_preproc.784408/HYGLY28_VISIT_2.1.mgh



-----------------------
mri_concat ./tmp.mris_preproc.784408/HYGLY28_VISIT_2.1.mgh --o lh.curv.fsaverage.mgh
ninputs = 1
Checking inputs
nframestot = 1
Allocing output
Done allocing
nframes = 1
Writing to lh.curv.fsaverage.mgh



Cleaning up
-----------------------
rm -r ./tmp.mris_preproc.784408
Tue Sep 27 09:19:55 CDT 2016
mris_preproc done
