Tue Sep 27 09:22:51 CDT 2016
setenv SUBJECTS_DIR /data/CNDA/build/CCIR_00754/20160926_184458/restlaunch/HYGLY28_VISIT_2/PROCESSED
cd /data/CNDA/build/CCIR_00754/20160926_184458/restlaunch/HYGLY28_VISIT_2/PROCESSED/HYGLY28_VISIT_2/surf
/nrgpackages/tools/freesurfer53-patch/bin/mris_preproc --s HYGLY28_VISIT_2 --hemi rh --meas area.pial --target fsaverage --out rh.area.pial.fsaverage.mgh

Linux nrglab08.nrg.mir 2.6.32-573.12.1.el6.x86_64 #1 SMP Tue Dec 15 21:19:08 UTC 2015 x86_64 x86_64 x86_64 GNU/Linux
$Id: mris_preproc,v 1.59.2.4 2012/12/06 16:06:52 mreuter Exp $
freesurfer-Linux-centos6_x86_64-stable-pub-v5.3.0-HCP-patch
tmpdir is ./tmp.mris_preproc.785725
Src rh sphere.reg
Trg rh sphere.reg




---------------------------------------------------
#@# 1/1 HYGLY28_VISIT_2 Tue Sep 27 09:22:51 CDT 2016 --------------
-----------------------
mri_surf2surf --srcsubject HYGLY28_VISIT_2 --srchemi rh --srcsurfreg sphere.reg --trgsubject fsaverage --trghemi rh --trgsurfreg sphere.reg --tval ./tmp.mris_preproc.785725/HYGLY28_VISIT_2.1.mgh --sval /data/CNDA/build/CCIR_00754/20160926_184458/restlaunch/HYGLY28_VISIT_2/PROCESSED/HYGLY28_VISIT_2/surf/rh.area.pial --jac --sfmt curv --noreshape --no-cortex
Source registration surface changed to sphere.reg
Target registration surface changed to sphere.reg
srcsubject = HYGLY28_VISIT_2
srcval     = /data/CNDA/build/CCIR_00754/20160926_184458/restlaunch/HYGLY28_VISIT_2/PROCESSED/HYGLY28_VISIT_2/surf/rh.area.pial
srctype    = curv
trgsubject = fsaverage
trgval     = ./tmp.mris_preproc.785725/HYGLY28_VISIT_2.1.mgh
trgtype    = 
srcsurfreg = sphere.reg
trgsurfreg = sphere.reg
srchemi    = rh
trghemi    = rh
frame      = 0
fwhm-in    = 0
fwhm-out   = 0
label-src  = (null)
label-trg  = (null)
OKToRevFaceOrder  = 1
Reading source surface reg /data/CNDA/build/CCIR_00754/20160926_184458/restlaunch/HYGLY28_VISIT_2/PROCESSED/HYGLY28_VISIT_2/surf/rh.sphere.reg
Loading source data
Reading curvature file /data/CNDA/build/CCIR_00754/20160926_184458/restlaunch/HYGLY28_VISIT_2/PROCESSED/HYGLY28_VISIT_2/surf/rh.area.pial
Reading target surface reg /data/CNDA/build/CCIR_00754/20160926_184458/restlaunch/HYGLY28_VISIT_2/PROCESSED/fsaverage/surf/rh.sphere.reg
Done
Mapping Source Volume onto Source Subject Surface with Jacobian Correction
surf2surf_nnfr_jac: building source hash (res=16).
Surf2SurfJac: 1st Forward Loop (163842)
Surf2SurfJac: 2nd Forward Loop (163842)
surf2surf_nnfr: building target hash (res=16).
Surf2SurfJac: Reverse Loop (162138)
Reverse Loop had 40774 hits
INFO: nSrcLost = 0
surf2surf_nnfr_jac() done
nTrg121 = 134755, nTrgMulti = 29087, MnTrgMultiHits = 2.40179
nSrc121 = 130004, nSrcLost =     0, nSrcMulti = 32134, MnSrcMultiHits = 2.3219
Saving target data
Saving to ./tmp.mris_preproc.785725/HYGLY28_VISIT_2.1.mgh



-----------------------
mri_concat ./tmp.mris_preproc.785725/HYGLY28_VISIT_2.1.mgh --o rh.area.pial.fsaverage.mgh
ninputs = 1
Checking inputs
nframestot = 1
Allocing output
Done allocing
nframes = 1
Writing to rh.area.pial.fsaverage.mgh



Cleaning up
-----------------------
rm -r ./tmp.mris_preproc.785725
Tue Sep 27 09:22:59 CDT 2016
mris_preproc done
