status file for recon-all
Mon Sep 26 18:45:19 CDT 2016
#@# MotionCor Mon Sep 26 18:45:52 CDT 2016
#@# Talairach Mon Sep 26 18:46:10 CDT 2016
#@# Talairach Failure Detection Mon Sep 26 18:48:05 CDT 2016
#@# Nu Intensity Correction Mon Sep 26 18:48:05 CDT 2016
#@# Intensity Normalization Mon Sep 26 18:49:44 CDT 2016
#@# Skull Stripping Mon Sep 26 18:51:42 CDT 2016
#@# EM Registration Mon Sep 26 19:12:11 CDT 2016
#@# CA Normalize Mon Sep 26 19:36:33 CDT 2016
#@# CA Reg Mon Sep 26 19:38:01 CDT 2016
#@# Remove Neck Mon Sep 26 22:19:02 CDT 2016
#@# SkullLTA Mon Sep 26 22:20:08 CDT 2016
#@# SubCort Seg Mon Sep 26 22:56:08 CDT 2016
#@# Merge ASeg Tue Sep 27 01:42:26 CDT 2016
#@# Intensity Normalization2 Tue Sep 27 01:42:26 CDT 2016
#@# Mask BFS Tue Sep 27 01:48:33 CDT 2016
#@# WM Segmentation Tue Sep 27 01:48:35 CDT 2016
#@# Fill Tue Sep 27 01:51:55 CDT 2016
#@# Tessellate lh Tue Sep 27 01:53:05 CDT 2016
#@# Smooth1 lh Tue Sep 27 01:53:16 CDT 2016
#@# Inflation1 lh Tue Sep 27 01:53:23 CDT 2016
#@# QSphere lh Tue Sep 27 01:54:05 CDT 2016
#@# Fix Topology lh Tue Sep 27 02:00:54 CDT 2016
#@# Make White Surf lh Tue Sep 27 03:33:09 CDT 2016
#@# Smooth2 lh Tue Sep 27 03:39:30 CDT 2016
#@# Inflation2 lh Tue Sep 27 03:39:41 CDT 2016
#@# Curvature Stats lh Tue Sep 27 03:43:17 CDT 2016
#@# Sphere lh Tue Sep 27 03:43:22 CDT 2016
#@# Surf Reg lh Tue Sep 27 05:25:18 CDT 2016
#@# Jacobian white lh Tue Sep 27 05:55:15 CDT 2016
#@# AvgCurv lh Tue Sep 27 05:55:17 CDT 2016
#@# Cortical Parc lh Tue Sep 27 05:55:18 CDT 2016
#@# Make Pial Surf lh Tue Sep 27 05:56:08 CDT 2016
#@# Surf Volume lh Tue Sep 27 06:05:16 CDT 2016
#@# Tessellate rh Tue Sep 27 06:05:17 CDT 2016
#@# Smooth1 rh Tue Sep 27 06:05:23 CDT 2016
#@# Inflation1 rh Tue Sep 27 06:05:27 CDT 2016
#@# QSphere rh Tue Sep 27 06:05:56 CDT 2016
#@# Fix Topology rh Tue Sep 27 06:09:44 CDT 2016
#@# Make White Surf rh Tue Sep 27 07:14:30 CDT 2016
#@# Smooth2 rh Tue Sep 27 07:18:26 CDT 2016
#@# Inflation2 rh Tue Sep 27 07:18:30 CDT 2016
#@# Curvature Stats rh Tue Sep 27 07:20:28 CDT 2016
#@# Sphere rh Tue Sep 27 07:20:32 CDT 2016
#@# Surf Reg rh Tue Sep 27 08:09:38 CDT 2016
#@# Jacobian white rh Tue Sep 27 08:33:48 CDT 2016
#@# AvgCurv rh Tue Sep 27 08:33:50 CDT 2016
#@# Cortical Parc rh Tue Sep 27 08:33:52 CDT 2016
#@# Make Pial Surf rh Tue Sep 27 08:34:42 CDT 2016
#@# Surf Volume rh Tue Sep 27 08:44:16 CDT 2016
#@# Parcellation Stats lh Tue Sep 27 08:44:17 CDT 2016
#@# Cortical Parc 2 lh Tue Sep 27 08:44:33 CDT 2016
#@# Parcellation Stats 2 lh Tue Sep 27 08:45:30 CDT 2016
#@# Cortical Parc 3 lh Tue Sep 27 08:45:47 CDT 2016
#@# Parcellation Stats 3 lh Tue Sep 27 08:46:37 CDT 2016
#@# WM/GM Contrast lh Tue Sep 27 08:46:53 CDT 2016
#@# Parcellation Stats rh Tue Sep 27 08:47:02 CDT 2016
#@# Cortical Parc 2 rh Tue Sep 27 08:47:18 CDT 2016
#@# Parcellation Stats 2 rh Tue Sep 27 08:48:15 CDT 2016
#@# Cortical Parc 3 rh Tue Sep 27 08:48:34 CDT 2016
#@# Parcellation Stats 3 rh Tue Sep 27 08:49:23 CDT 2016
#@# WM/GM Contrast rh Tue Sep 27 08:49:39 CDT 2016
#@# Cortical ribbon mask Tue Sep 27 08:49:47 CDT 2016
#@# ASeg Stats Tue Sep 27 09:04:40 CDT 2016
#@# AParc-to-ASeg Tue Sep 27 09:06:42 CDT 2016
#@# WMParc Tue Sep 27 09:09:37 CDT 2016
#@# Qdec Cache lh thickness fsaverage Tue Sep 27 09:17:43 CDT 2016
#@# Qdec Cache lh thickness fwhm0 fsaverage Tue Sep 27 09:17:49 CDT 2016
#@# Qdec Cache lh thickness fwhm5 fsaverage Tue Sep 27 09:17:51 CDT 2016
#@# Qdec Cache lh thickness fwhm10 fsaverage Tue Sep 27 09:17:55 CDT 2016
#@# Qdec Cache lh thickness fwhm15 fsaverage Tue Sep 27 09:17:59 CDT 2016
#@# Qdec Cache lh thickness fwhm20 fsaverage Tue Sep 27 09:18:03 CDT 2016
#@# Qdec Cache lh thickness fwhm25 fsaverage Tue Sep 27 09:18:08 CDT 2016
#@# Qdec Cache lh area fsaverage Tue Sep 27 09:18:13 CDT 2016
#@# Qdec Cache lh area fwhm0 fsaverage Tue Sep 27 09:18:21 CDT 2016
#@# Qdec Cache lh area fwhm5 fsaverage Tue Sep 27 09:18:23 CDT 2016
#@# Qdec Cache lh area fwhm10 fsaverage Tue Sep 27 09:18:27 CDT 2016
#@# Qdec Cache lh area fwhm15 fsaverage Tue Sep 27 09:18:31 CDT 2016
#@# Qdec Cache lh area fwhm20 fsaverage Tue Sep 27 09:18:35 CDT 2016
#@# Qdec Cache lh area fwhm25 fsaverage Tue Sep 27 09:18:40 CDT 2016
#@# Qdec Cache lh area.pial fsaverage Tue Sep 27 09:18:45 CDT 2016
#@# Qdec Cache lh area.pial fwhm0 fsaverage Tue Sep 27 09:18:53 CDT 2016
#@# Qdec Cache lh area.pial fwhm5 fsaverage Tue Sep 27 09:18:55 CDT 2016
#@# Qdec Cache lh area.pial fwhm10 fsaverage Tue Sep 27 09:18:59 CDT 2016
#@# Qdec Cache lh area.pial fwhm15 fsaverage Tue Sep 27 09:19:03 CDT 2016
#@# Qdec Cache lh area.pial fwhm20 fsaverage Tue Sep 27 09:19:07 CDT 2016
#@# Qdec Cache lh area.pial fwhm25 fsaverage Tue Sep 27 09:19:12 CDT 2016
#@# Qdec Cache lh volume fsaverage Tue Sep 27 09:19:17 CDT 2016
#@# Qdec Cache lh volume fwhm0 fsaverage Tue Sep 27 09:19:25 CDT 2016
#@# Qdec Cache lh volume fwhm5 fsaverage Tue Sep 27 09:19:27 CDT 2016
#@# Qdec Cache lh volume fwhm10 fsaverage Tue Sep 27 09:19:31 CDT 2016
#@# Qdec Cache lh volume fwhm15 fsaverage Tue Sep 27 09:19:35 CDT 2016
#@# Qdec Cache lh volume fwhm20 fsaverage Tue Sep 27 09:19:39 CDT 2016
#@# Qdec Cache lh volume fwhm25 fsaverage Tue Sep 27 09:19:44 CDT 2016
#@# Qdec Cache lh curv fsaverage Tue Sep 27 09:19:49 CDT 2016
#@# Qdec Cache lh curv fwhm0 fsaverage Tue Sep 27 09:19:55 CDT 2016
#@# Qdec Cache lh curv fwhm5 fsaverage Tue Sep 27 09:19:57 CDT 2016
#@# Qdec Cache lh curv fwhm10 fsaverage Tue Sep 27 09:20:01 CDT 2016
#@# Qdec Cache lh curv fwhm15 fsaverage Tue Sep 27 09:20:05 CDT 2016
#@# Qdec Cache lh curv fwhm20 fsaverage Tue Sep 27 09:20:10 CDT 2016
#@# Qdec Cache lh curv fwhm25 fsaverage Tue Sep 27 09:20:14 CDT 2016
#@# Qdec Cache lh sulc fsaverage Tue Sep 27 09:20:19 CDT 2016
#@# Qdec Cache lh sulc fwhm0 fsaverage Tue Sep 27 09:20:25 CDT 2016
#@# Qdec Cache lh sulc fwhm5 fsaverage Tue Sep 27 09:20:27 CDT 2016
#@# Qdec Cache lh sulc fwhm10 fsaverage Tue Sep 27 09:20:31 CDT 2016
#@# Qdec Cache lh sulc fwhm15 fsaverage Tue Sep 27 09:20:35 CDT 2016
#@# Qdec Cache lh sulc fwhm20 fsaverage Tue Sep 27 09:20:40 CDT 2016
#@# Qdec Cache lh sulc fwhm25 fsaverage Tue Sep 27 09:20:44 CDT 2016
#@# Qdec Cache lh white.K fsaverage Tue Sep 27 09:20:49 CDT 2016
#@# Qdec Cache lh white.H fsaverage Tue Sep 27 09:20:49 CDT 2016
#@# Qdec Cache lh jacobian_white fsaverage Tue Sep 27 09:20:49 CDT 2016
#@# Qdec Cache lh jacobian_white fwhm0 fsaverage Tue Sep 27 09:20:55 CDT 2016
#@# Qdec Cache lh jacobian_white fwhm5 fsaverage Tue Sep 27 09:20:57 CDT 2016
#@# Qdec Cache lh jacobian_white fwhm10 fsaverage Tue Sep 27 09:21:01 CDT 2016
#@# Qdec Cache lh jacobian_white fwhm15 fsaverage Tue Sep 27 09:21:05 CDT 2016
#@# Qdec Cache lh jacobian_white fwhm20 fsaverage Tue Sep 27 09:21:09 CDT 2016
#@# Qdec Cache lh jacobian_white fwhm25 fsaverage Tue Sep 27 09:21:14 CDT 2016
#@# Qdec Cache lh w-g.pct.mgh fsaverage Tue Sep 27 09:21:19 CDT 2016
#@# Qdec Cache lh w-g.pct.mgh fwhm0 fsaverage Tue Sep 27 09:21:25 CDT 2016
#@# Qdec Cache lh w-g.pct.mgh fwhm5 fsaverage Tue Sep 27 09:21:27 CDT 2016
#@# Qdec Cache lh w-g.pct.mgh fwhm10 fsaverage Tue Sep 27 09:21:31 CDT 2016
#@# Qdec Cache lh w-g.pct.mgh fwhm15 fsaverage Tue Sep 27 09:21:35 CDT 2016
#@# Qdec Cache lh w-g.pct.mgh fwhm20 fsaverage Tue Sep 27 09:21:39 CDT 2016
#@# Qdec Cache lh w-g.pct.mgh fwhm25 fsaverage Tue Sep 27 09:21:44 CDT 2016
#@# Qdec Cache rh thickness fsaverage Tue Sep 27 09:21:49 CDT 2016
#@# Qdec Cache rh thickness fwhm0 fsaverage Tue Sep 27 09:21:55 CDT 2016
#@# Qdec Cache rh thickness fwhm5 fsaverage Tue Sep 27 09:21:57 CDT 2016
#@# Qdec Cache rh thickness fwhm10 fsaverage Tue Sep 27 09:22:01 CDT 2016
#@# Qdec Cache rh thickness fwhm15 fsaverage Tue Sep 27 09:22:05 CDT 2016
#@# Qdec Cache rh thickness fwhm20 fsaverage Tue Sep 27 09:22:09 CDT 2016
#@# Qdec Cache rh thickness fwhm25 fsaverage Tue Sep 27 09:22:14 CDT 2016
#@# Qdec Cache rh area fsaverage Tue Sep 27 09:22:19 CDT 2016
#@# Qdec Cache rh area fwhm0 fsaverage Tue Sep 27 09:22:27 CDT 2016
#@# Qdec Cache rh area fwhm5 fsaverage Tue Sep 27 09:22:29 CDT 2016
#@# Qdec Cache rh area fwhm10 fsaverage Tue Sep 27 09:22:33 CDT 2016
#@# Qdec Cache rh area fwhm15 fsaverage Tue Sep 27 09:22:37 CDT 2016
#@# Qdec Cache rh area fwhm20 fsaverage Tue Sep 27 09:22:41 CDT 2016
#@# Qdec Cache rh area fwhm25 fsaverage Tue Sep 27 09:22:46 CDT 2016
#@# Qdec Cache rh area.pial fsaverage Tue Sep 27 09:22:51 CDT 2016
#@# Qdec Cache rh area.pial fwhm0 fsaverage Tue Sep 27 09:22:59 CDT 2016
#@# Qdec Cache rh area.pial fwhm5 fsaverage Tue Sep 27 09:23:01 CDT 2016
#@# Qdec Cache rh area.pial fwhm10 fsaverage Tue Sep 27 09:23:05 CDT 2016
#@# Qdec Cache rh area.pial fwhm15 fsaverage Tue Sep 27 09:23:09 CDT 2016
#@# Qdec Cache rh area.pial fwhm20 fsaverage Tue Sep 27 09:23:13 CDT 2016
#@# Qdec Cache rh area.pial fwhm25 fsaverage Tue Sep 27 09:23:18 CDT 2016
#@# Qdec Cache rh volume fsaverage Tue Sep 27 09:23:23 CDT 2016
#@# Qdec Cache rh volume fwhm0 fsaverage Tue Sep 27 09:23:31 CDT 2016
#@# Qdec Cache rh volume fwhm5 fsaverage Tue Sep 27 09:23:33 CDT 2016
#@# Qdec Cache rh volume fwhm10 fsaverage Tue Sep 27 09:23:37 CDT 2016
#@# Qdec Cache rh volume fwhm15 fsaverage Tue Sep 27 09:23:41 CDT 2016
#@# Qdec Cache rh volume fwhm20 fsaverage Tue Sep 27 09:23:46 CDT 2016
#@# Qdec Cache rh volume fwhm25 fsaverage Tue Sep 27 09:23:50 CDT 2016
#@# Qdec Cache rh curv fsaverage Tue Sep 27 09:23:55 CDT 2016
#@# Qdec Cache rh curv fwhm0 fsaverage Tue Sep 27 09:24:01 CDT 2016
#@# Qdec Cache rh curv fwhm5 fsaverage Tue Sep 27 09:24:03 CDT 2016
#@# Qdec Cache rh curv fwhm10 fsaverage Tue Sep 27 09:24:07 CDT 2016
#@# Qdec Cache rh curv fwhm15 fsaverage Tue Sep 27 09:24:11 CDT 2016
#@# Qdec Cache rh curv fwhm20 fsaverage Tue Sep 27 09:24:15 CDT 2016
#@# Qdec Cache rh curv fwhm25 fsaverage Tue Sep 27 09:24:20 CDT 2016
#@# Qdec Cache rh sulc fsaverage Tue Sep 27 09:24:25 CDT 2016
#@# Qdec Cache rh sulc fwhm0 fsaverage Tue Sep 27 09:24:31 CDT 2016
#@# Qdec Cache rh sulc fwhm5 fsaverage Tue Sep 27 09:24:33 CDT 2016
#@# Qdec Cache rh sulc fwhm10 fsaverage Tue Sep 27 09:24:37 CDT 2016
#@# Qdec Cache rh sulc fwhm15 fsaverage Tue Sep 27 09:24:41 CDT 2016
#@# Qdec Cache rh sulc fwhm20 fsaverage Tue Sep 27 09:24:46 CDT 2016
#@# Qdec Cache rh sulc fwhm25 fsaverage Tue Sep 27 09:24:50 CDT 2016
#@# Qdec Cache rh white.K fsaverage Tue Sep 27 09:24:55 CDT 2016
#@# Qdec Cache rh white.H fsaverage Tue Sep 27 09:24:55 CDT 2016
#@# Qdec Cache rh jacobian_white fsaverage Tue Sep 27 09:24:55 CDT 2016
#@# Qdec Cache rh jacobian_white fwhm0 fsaverage Tue Sep 27 09:25:01 CDT 2016
#@# Qdec Cache rh jacobian_white fwhm5 fsaverage Tue Sep 27 09:25:03 CDT 2016
#@# Qdec Cache rh jacobian_white fwhm10 fsaverage Tue Sep 27 09:25:07 CDT 2016
#@# Qdec Cache rh jacobian_white fwhm15 fsaverage Tue Sep 27 09:25:11 CDT 2016
#@# Qdec Cache rh jacobian_white fwhm20 fsaverage Tue Sep 27 09:25:16 CDT 2016
#@# Qdec Cache rh jacobian_white fwhm25 fsaverage Tue Sep 27 09:25:20 CDT 2016
#@# Qdec Cache rh w-g.pct.mgh fsaverage Tue Sep 27 09:25:25 CDT 2016
#@# Qdec Cache rh w-g.pct.mgh fwhm0 fsaverage Tue Sep 27 09:25:31 CDT 2016
#@# Qdec Cache rh w-g.pct.mgh fwhm5 fsaverage Tue Sep 27 09:25:33 CDT 2016
#@# Qdec Cache rh w-g.pct.mgh fwhm10 fsaverage Tue Sep 27 09:25:37 CDT 2016
#@# Qdec Cache rh w-g.pct.mgh fwhm15 fsaverage Tue Sep 27 09:25:41 CDT 2016
#@# Qdec Cache rh w-g.pct.mgh fwhm20 fsaverage Tue Sep 27 09:25:45 CDT 2016
#@# Qdec Cache rh w-g.pct.mgh fwhm25 fsaverage Tue Sep 27 09:25:50 CDT 2016
#@# BA Labels lh Tue Sep 27 09:25:55 CDT 2016
#@# BA Labels rh Tue Sep 27 09:29:25 CDT 2016
#@# Ex-vivo Entorhinal Cortex Label lh Tue Sep 27 09:33:04 CDT 2016
#@# Ex-vivo Entorhinal Cortex Label rh Tue Sep 27 09:33:17 CDT 2016
#@# Hippocampal Subfields processing Tue Sep 27 09:33:29 CDT 2016
recon-all -s HYGLY28_VISIT_2 finished without error at Tue Sep 27 10:54:56 CDT 2016
